# JRE version: OpenJDK Runtime Environment (11.0.12+7) (build 11.0.12+7-b1504.28-7817840)
# Java VM: OpenJDK 64-Bit Server VM (11.0.12+7-b1504.28-7817840, mixed mode, tiered, compressed oops, g1 gc, windows-amd64)
Heap:
 garbage-first heap   total 364544K, used 201727K [0x00000006e0000000, 0x0000000800000000)
  region size 1024K, 20 young (20480K), 6 survivors (6144K)
 Metaspace       used 138419K, capacity 142537K, committed 142752K, reserved 1173504K
  class space    used 17388K, capacity 18952K, committed 19020K, reserved 1048576K
GC Heap History (20 events):
Event: 20.555 GC heap before
{Heap before GC invocations=25 (full 0):
 garbage-first heap   total 364544K, used 301017K [0x00000006e0000000, 0x0000000800000000)
  region size 1024K, 188 young (192512K), 15 survivors (15360K)
 Metaspace       used 106598K, capacity 110063K, committed 110200K, reserved 1144832K
  class space    used 13765K, capacity 15051K, committed 15052K, reserved 1048576K
}
Event: 20.562 GC heap after
{Heap after GC invocations=26 (full 0):
 garbage-first heap   total 364544K, used 131868K [0x00000006e0000000, 0x0000000800000000)
  region size 1024K, 15 young (15360K), 15 survivors (15360K)
 Metaspace       used 106598K, capacity 110063K, committed 110200K, reserved 1144832K
  class space    used 13765K, capacity 15051K, committed 15052K, reserved 1048576K
}
Event: 20.940 GC heap before
{Heap before GC invocations=26 (full 0):
 garbage-first heap   total 364544K, used 302876K [0x00000006e0000000, 0x0000000800000000)
  region size 1024K, 182 young (186368K), 15 survivors (15360K)
 Metaspace       used 106658K, capacity 110127K, committed 110200K, reserved 1144832K
  class space    used 13770K, capacity 15051K, committed 15052K, reserved 1048576K
}
Event: 20.944 GC heap after
{Heap after GC invocations=27 (full 0):
 garbage-first heap   total 364544K, used 130819K [0x00000006e0000000, 0x0000000800000000)
  region size 1024K, 8 young (8192K), 8 survivors (8192K)
 Metaspace       used 106658K, capacity 110127K, committed 110200K, reserved 1144832K
  class space    used 13770K, capacity 15051K, committed 15052K, reserved 1048576K
}
Event: 94.805 GC heap before
{Heap before GC invocations=27 (full 0):
 garbage-first heap   total 364544K, used 306947K [0x00000006e0000000, 0x0000000800000000)
  region size 1024K, 180 young (184320K), 8 survivors (8192K)
 Metaspace       used 112553K, capacity 116460K, committed 116600K, reserved 1150976K
  class space    used 14488K, capacity 15954K, committed 16076K, reserved 1048576K
}
Event: 94.809 GC heap after
{Heap after GC invocations=28 (full 0):
 garbage-first heap   total 364544K, used 129262K [0x00000006e0000000, 0x0000000800000000)
  region size 1024K, 8 young (8192K), 8 survivors (8192K)
 Metaspace       used 112553K, capacity 116460K, committed 116600K, reserved 1150976K
  class space    used 14488K, capacity 15954K, committed 16076K, reserved 1048576K
}
Event: 95.981 GC heap before
{Heap before GC invocations=28 (full 0):
 garbage-first heap   total 364544K, used 307438K [0x00000006e0000000, 0x0000000800000000)
  region size 1024K, 182 young (186368K), 8 survivors (8192K)
 Metaspace       used 117146K, capacity 121209K, committed 121336K, reserved 1155072K
  class space    used 14950K, capacity 16435K, committed 16460K, reserved 1048576K
}
Event: 95.992 GC heap after
{Heap after GC invocations=29 (full 0):
 garbage-first heap   total 364544K, used 149489K [0x00000006e0000000, 0x0000000800000000)
  region size 1024K, 23 young (23552K), 23 survivors (23552K)
 Metaspace       used 117146K, capacity 121209K, committed 121336K, reserved 1155072K
  class space    used 14950K, capacity 16435K, committed 16460K, reserved 1048576K
}
Event: 96.314 GC heap before
{Heap before GC invocations=29 (full 0):
 garbage-first heap   total 364544K, used 182257K [0x00000006e0000000, 0x0000000800000000)
  region size 1024K, 53 young (54272K), 23 survivors (23552K)
 Metaspace       used 119716K, capacity 123762K, committed 123936K, reserved 1157120K
  class space    used 15234K, capacity 16731K, committed 16844K, reserved 1048576K
}
Event: 96.337 GC heap after
{Heap after GC invocations=30 (full 0):
 garbage-first heap   total 364544K, used 155618K [0x00000006e0000000, 0x0000000800000000)
  region size 1024K, 5 young (5120K), 5 survivors (5120K)
 Metaspace       used 119716K, capacity 123762K, committed 123936K, reserved 1157120K
  class space    used 15234K, capacity 16731K, committed 16844K, reserved 1048576K
}
Event: 97.011 GC heap before
{Heap before GC invocations=31 (full 0):
 garbage-first heap   total 364544K, used 307170K [0x00000006e0000000, 0x0000000800000000)
  region size 1024K, 148 young (151552K), 5 survivors (5120K)
 Metaspace       used 124863K, capacity 128332K, committed 129952K, reserved 1163264K
  class space    used 15423K, capacity 16704K, committed 17228K, reserved 1048576K
}
Event: 97.015 GC heap after
{Heap after GC invocations=32 (full 0):
 garbage-first heap   total 364544K, used 153183K [0x00000006e0000000, 0x0000000800000000)
  region size 1024K, 5 young (5120K), 5 survivors (5120K)
 Metaspace       used 124863K, capacity 128332K, committed 129952K, reserved 1163264K
  class space    used 15423K, capacity 16704K, committed 17228K, reserved 1048576K
}
Event: 97.869 GC heap before
{Heap before GC invocations=32 (full 0):
 garbage-first heap   total 364544K, used 302687K [0x00000006e0000000, 0x0000000800000000)
  region size 1024K, 152 young (155648K), 5 survivors (5120K)
 Metaspace       used 130260K, capacity 133795K, committed 135200K, reserved 1167360K
  class space    used 16068K, capacity 17401K, committed 17868K, reserved 1048576K
}
Event: 97.876 GC heap after
{Heap after GC invocations=33 (full 0):
 garbage-first heap   total 364544K, used 157748K [0x00000006e0000000, 0x0000000800000000)
  region size 1024K, 9 young (9216K), 9 survivors (9216K)
 Metaspace       used 130260K, capacity 133795K, committed 135200K, reserved 1167360K
  class space    used 16068K, capacity 17401K, committed 17868K, reserved 1048576K
}
Event: 98.344 GC heap before
{Heap before GC invocations=33 (full 0):
 garbage-first heap   total 364544K, used 305204K [0x00000006e0000000, 0x0000000800000000)
  region size 1024K, 155 young (158720K), 9 survivors (9216K)
 Metaspace       used 131740K, capacity 135373K, committed 136736K, reserved 1167360K
  class space    used 16262K, capacity 17635K, committed 18124K, reserved 1048576K
}
Event: 98.354 GC heap after
{Heap after GC invocations=34 (full 0):
 garbage-first heap   total 364544K, used 168461K [0x00000006e0000000, 0x0000000800000000)
  region size 1024K, 20 young (20480K), 20 survivors (20480K)
 Metaspace       used 131740K, capacity 135373K, committed 136736K, reserved 1167360K
  class space    used 16262K, capacity 17635K, committed 18124K, reserved 1048576K
}
Event: 98.558 GC heap before
{Heap before GC invocations=34 (full 0):
 garbage-first heap   total 364544K, used 302605K [0x00000006e0000000, 0x0000000800000000)
  region size 1024K, 152 young (155648K), 20 survivors (20480K)
 Metaspace       used 135545K, capacity 139479K, committed 139936K, reserved 1171456K
  class space    used 16864K, capacity 18344K, committed 18508K, reserved 1048576K
}
Event: 98.569 GC heap after
{Heap after GC invocations=35 (full 0):
 garbage-first heap   total 364544K, used 181678K [0x00000006e0000000, 0x0000000800000000)
  region size 1024K, 14 young (14336K), 14 survivors (14336K)
 Metaspace       used 135545K, capacity 139479K, committed 139936K, reserved 1171456K
  class space    used 16864K, capacity 18344K, committed 18508K, reserved 1048576K
}
Event: 98.644 GC heap before
{Heap before GC invocations=35 (full 0):
 garbage-first heap   total 364544K, used 212398K [0x00000006e0000000, 0x0000000800000000)
  region size 1024K, 45 young (46080K), 14 survivors (14336K)
 Metaspace       used 136886K, capacity 140868K, committed 141216K, reserved 1171456K
  class space    used 17120K, capacity 18618K, committed 18764K, reserved 1048576K
}
Event: 98.665 GC heap after
{Heap after GC invocations=36 (full 0):
 garbage-first heap   total 364544K, used 187391K [0x00000006e0000000, 0x0000000800000000)
  region size 1024K, 6 young (6144K), 6 survivors (6144K)
 Metaspace       used 136886K, capacity 140868K, committed 141216K, reserved 1171456K
  class space    used 17120K, capacity 18618K, committed 18764K, reserved 1048576K
}

